1590821476.295488 client started (10209): version 2.6, socket /tmp/tmux-1000/default, protocol 8
1590821476.295514 on Linux 5.3.0-53-generic #47~18.04.1-Ubuntu SMP Thu May 7 13:10:50 UTC 2020; libevent 2.1.8-stable (poll)
1590821476.295535 socket is /tmp/tmux-1000/default
1590821476.295547 trying connect
1590821476.295641 add peer 0x5625e5b06640: 6 ((nil))
1590821476.295708 sending message 100 to peer 0x5625e5b06640 (4 bytes)
1590821476.295717 sending message 101 to peer 0x5625e5b06640 (16 bytes)
1590821476.295722 sending message 102 to peer 0x5625e5b06640 (11 bytes)
1590821476.295727 sending message 108 to peer 0x5625e5b06640 (27 bytes)
1590821476.295733 sending message 104 to peer 0x5625e5b06640 (0 bytes)
1590821476.295739 sending message 107 to peer 0x5625e5b06640 (4 bytes)
1590821476.295744 sending message 105 to peer 0x5625e5b06640 (22 bytes)
1590821476.295748 sending message 105 to peer 0x5625e5b06640 (20 bytes)
1590821476.295753 sending message 105 to peer 0x5625e5b06640 (54 bytes)
1590821476.295757 sending message 105 to peer 0x5625e5b06640 (23 bytes)
1590821476.295765 sending message 105 to peer 0x5625e5b06640 (11 bytes)
1590821476.295769 sending message 105 to peer 0x5625e5b06640 (18 bytes)
1590821476.295774 sending message 105 to peer 0x5625e5b06640 (24 bytes)
1590821476.295778 sending message 105 to peer 0x5625e5b06640 (33 bytes)
1590821476.295782 sending message 105 to peer 0x5625e5b06640 (44 bytes)
1590821476.295787 sending message 105 to peer 0x5625e5b06640 (32 bytes)
1590821476.295791 sending message 105 to peer 0x5625e5b06640 (86 bytes)
1590821476.295796 sending message 105 to peer 0x5625e5b06640 (29 bytes)
1590821476.295801 sending message 105 to peer 0x5625e5b06640 (27 bytes)
1590821476.295805 sending message 105 to peer 0x5625e5b06640 (17 bytes)
1590821476.295810 sending message 105 to peer 0x5625e5b06640 (26 bytes)
1590821476.295814 sending message 105 to peer 0x5625e5b06640 (39 bytes)
1590821476.295818 sending message 105 to peer 0x5625e5b06640 (52 bytes)
1590821476.295823 sending message 105 to peer 0x5625e5b06640 (19 bytes)
1590821476.295827 sending message 105 to peer 0x5625e5b06640 (28 bytes)
1590821476.295832 sending message 105 to peer 0x5625e5b06640 (14 bytes)
1590821476.295838 sending message 105 to peer 0x5625e5b06640 (18 bytes)
1590821476.295843 sending message 105 to peer 0x5625e5b06640 (17 bytes)
1590821476.295847 sending message 105 to peer 0x5625e5b06640 (21 bytes)
1590821476.295852 sending message 105 to peer 0x5625e5b06640 (23 bytes)
1590821476.295856 sending message 105 to peer 0x5625e5b06640 (30 bytes)
1590821476.295861 sending message 105 to peer 0x5625e5b06640 (27 bytes)
1590821476.295865 sending message 105 to peer 0x5625e5b06640 (24 bytes)
1590821476.295869 sending message 105 to peer 0x5625e5b06640 (20 bytes)
1590821476.295874 sending message 105 to peer 0x5625e5b06640 (23 bytes)
1590821476.295878 sending message 105 to peer 0x5625e5b06640 (21 bytes)
1590821476.295882 sending message 105 to peer 0x5625e5b06640 (25 bytes)
1590821476.295887 sending message 105 to peer 0x5625e5b06640 (20 bytes)
1590821476.295891 sending message 105 to peer 0x5625e5b06640 (11 bytes)
1590821476.295896 sending message 105 to peer 0x5625e5b06640 (1516 bytes)
1590821476.295910 sending message 105 to peer 0x5625e5b06640 (13 bytes)
1590821476.295915 sending message 105 to peer 0x5625e5b06640 (319 bytes)
1590821476.295920 sending message 105 to peer 0x5625e5b06640 (31 bytes)
1590821476.295925 sending message 105 to peer 0x5625e5b06640 (18 bytes)
1590821476.295930 sending message 105 to peer 0x5625e5b06640 (19 bytes)
1590821476.295934 sending message 105 to peer 0x5625e5b06640 (18 bytes)
1590821476.295939 sending message 105 to peer 0x5625e5b06640 (82 bytes)
1590821476.295944 sending message 105 to peer 0x5625e5b06640 (20 bytes)
1590821476.295948 sending message 105 to peer 0x5625e5b06640 (8 bytes)
1590821476.295953 sending message 105 to peer 0x5625e5b06640 (19 bytes)
1590821476.295957 sending message 105 to peer 0x5625e5b06640 (41 bytes)
1590821476.295962 sending message 105 to peer 0x5625e5b06640 (21 bytes)
1590821476.295974 sending message 105 to peer 0x5625e5b06640 (21 bytes)
1590821476.295979 sending message 105 to peer 0x5625e5b06640 (33 bytes)
1590821476.295984 sending message 105 to peer 0x5625e5b06640 (35 bytes)
1590821476.295989 sending message 105 to peer 0x5625e5b06640 (13 bytes)
1590821476.295993 sending message 105 to peer 0x5625e5b06640 (15 bytes)
1590821476.295998 sending message 105 to peer 0x5625e5b06640 (8 bytes)
1590821476.296002 sending message 105 to peer 0x5625e5b06640 (12 bytes)
1590821476.296007 sending message 105 to peer 0x5625e5b06640 (17 bytes)
1590821476.296012 sending message 105 to peer 0x5625e5b06640 (13 bytes)
1590821476.296016 sending message 105 to peer 0x5625e5b06640 (41 bytes)
1590821476.296021 sending message 105 to peer 0x5625e5b06640 (45 bytes)
1590821476.296026 sending message 105 to peer 0x5625e5b06640 (33 bytes)
1590821476.296030 sending message 105 to peer 0x5625e5b06640 (85 bytes)
1590821476.296035 sending message 105 to peer 0x5625e5b06640 (23 bytes)
1590821476.296040 sending message 105 to peer 0x5625e5b06640 (31 bytes)
1590821476.296044 sending message 105 to peer 0x5625e5b06640 (15 bytes)
1590821476.296049 sending message 105 to peer 0x5625e5b06640 (27 bytes)
1590821476.296054 sending message 105 to peer 0x5625e5b06640 (17 bytes)
1590821476.296058 sending message 105 to peer 0x5625e5b06640 (21 bytes)
1590821476.296063 sending message 105 to peer 0x5625e5b06640 (11 bytes)
1590821476.296068 sending message 105 to peer 0x5625e5b06640 (20 bytes)
1590821476.296073 sending message 105 to peer 0x5625e5b06640 (17 bytes)
1590821476.296077 sending message 105 to peer 0x5625e5b06640 (16 bytes)
1590821476.296082 sending message 106 to peer 0x5625e5b06640 (0 bytes)
1590821476.296088 sending message 200 to peer 0x5625e5b06640 (4 bytes)
1590821476.296092 client loop enter
1590821476.296490 peer 0x5625e5b06640 message 211
1590821476.296513 peer 0x5625e5b06640 message 203
1590821476.296522 client loop exit
