1590821944.088032 client started (11644): version 2.6, socket /tmp/tmux-1000/default, protocol 8
1590821944.088050 on Linux 5.3.0-53-generic #47~18.04.1-Ubuntu SMP Thu May 7 13:10:50 UTC 2020; libevent 2.1.8-stable (poll)
1590821944.088062 socket is /tmp/tmux-1000/default
1590821944.088070 trying connect
1590821944.088080 connect failed: Connection refused
1590821944.088086 lock file is /tmp/tmux-1000/default.lock
1590821944.088103 flock succeeded
1590821944.088105 got lock (6)
1590821944.088109 trying connect
1590821944.088114 connect failed: Connection refused
1590821944.088215 add peer 0x55e66e5b7760: 7 ((nil))
1590821944.088273 sending message 100 to peer 0x55e66e5b7760 (4 bytes)
1590821944.088278 sending message 101 to peer 0x55e66e5b7760 (15 bytes)
1590821944.088281 sending message 102 to peer 0x55e66e5b7760 (11 bytes)
1590821944.088284 sending message 108 to peer 0x55e66e5b7760 (27 bytes)
1590821944.088287 sending message 104 to peer 0x55e66e5b7760 (0 bytes)
1590821944.088290 sending message 107 to peer 0x55e66e5b7760 (4 bytes)
1590821944.088293 sending message 105 to peer 0x55e66e5b7760 (22 bytes)
1590821944.088296 sending message 105 to peer 0x55e66e5b7760 (20 bytes)
1590821944.088298 sending message 105 to peer 0x55e66e5b7760 (54 bytes)
1590821944.088301 sending message 105 to peer 0x55e66e5b7760 (23 bytes)
1590821944.088305 sending message 105 to peer 0x55e66e5b7760 (11 bytes)
1590821944.088313 sending message 105 to peer 0x55e66e5b7760 (18 bytes)
1590821944.088331 sending message 105 to peer 0x55e66e5b7760 (24 bytes)
1590821944.088335 sending message 105 to peer 0x55e66e5b7760 (33 bytes)
1590821944.088339 sending message 105 to peer 0x55e66e5b7760 (44 bytes)
1590821944.088343 sending message 105 to peer 0x55e66e5b7760 (32 bytes)
1590821944.088347 sending message 105 to peer 0x55e66e5b7760 (86 bytes)
1590821944.088351 sending message 105 to peer 0x55e66e5b7760 (29 bytes)
1590821944.088354 sending message 105 to peer 0x55e66e5b7760 (27 bytes)
1590821944.088358 sending message 105 to peer 0x55e66e5b7760 (17 bytes)
1590821944.088362 sending message 105 to peer 0x55e66e5b7760 (26 bytes)
1590821944.088366 sending message 105 to peer 0x55e66e5b7760 (39 bytes)
1590821944.088370 sending message 105 to peer 0x55e66e5b7760 (52 bytes)
1590821944.088374 sending message 105 to peer 0x55e66e5b7760 (19 bytes)
1590821944.088378 sending message 105 to peer 0x55e66e5b7760 (28 bytes)
1590821944.088381 sending message 105 to peer 0x55e66e5b7760 (14 bytes)
1590821944.088389 sending message 105 to peer 0x55e66e5b7760 (18 bytes)
1590821944.088393 sending message 105 to peer 0x55e66e5b7760 (17 bytes)
1590821944.088397 sending message 105 to peer 0x55e66e5b7760 (21 bytes)
1590821944.088401 sending message 105 to peer 0x55e66e5b7760 (23 bytes)
1590821944.088405 sending message 105 to peer 0x55e66e5b7760 (30 bytes)
1590821944.088408 sending message 105 to peer 0x55e66e5b7760 (27 bytes)
1590821944.088412 sending message 105 to peer 0x55e66e5b7760 (24 bytes)
1590821944.088416 sending message 105 to peer 0x55e66e5b7760 (20 bytes)
1590821944.088420 sending message 105 to peer 0x55e66e5b7760 (23 bytes)
1590821944.088424 sending message 105 to peer 0x55e66e5b7760 (21 bytes)
1590821944.088428 sending message 105 to peer 0x55e66e5b7760 (25 bytes)
1590821944.088431 sending message 105 to peer 0x55e66e5b7760 (20 bytes)
1590821944.088435 sending message 105 to peer 0x55e66e5b7760 (11 bytes)
1590821944.088439 sending message 105 to peer 0x55e66e5b7760 (1516 bytes)
1590821944.088452 sending message 105 to peer 0x55e66e5b7760 (13 bytes)
1590821944.088457 sending message 105 to peer 0x55e66e5b7760 (237 bytes)
1590821944.088461 sending message 105 to peer 0x55e66e5b7760 (31 bytes)
1590821944.088465 sending message 105 to peer 0x55e66e5b7760 (18 bytes)
1590821944.088469 sending message 105 to peer 0x55e66e5b7760 (19 bytes)
1590821944.088473 sending message 105 to peer 0x55e66e5b7760 (18 bytes)
1590821944.088477 sending message 105 to peer 0x55e66e5b7760 (82 bytes)
1590821944.088481 sending message 105 to peer 0x55e66e5b7760 (20 bytes)
1590821944.088485 sending message 105 to peer 0x55e66e5b7760 (8 bytes)
1590821944.088496 sending message 105 to peer 0x55e66e5b7760 (19 bytes)
1590821944.088500 sending message 105 to peer 0x55e66e5b7760 (41 bytes)
1590821944.088504 sending message 105 to peer 0x55e66e5b7760 (20 bytes)
1590821944.088509 sending message 105 to peer 0x55e66e5b7760 (21 bytes)
1590821944.088513 sending message 105 to peer 0x55e66e5b7760 (33 bytes)
1590821944.088516 sending message 105 to peer 0x55e66e5b7760 (15 bytes)
1590821944.088521 sending message 105 to peer 0x55e66e5b7760 (8 bytes)
1590821944.088525 sending message 105 to peer 0x55e66e5b7760 (12 bytes)
1590821944.088529 sending message 105 to peer 0x55e66e5b7760 (17 bytes)
1590821944.088533 sending message 105 to peer 0x55e66e5b7760 (13 bytes)
1590821944.088536 sending message 105 to peer 0x55e66e5b7760 (41 bytes)
1590821944.088540 sending message 105 to peer 0x55e66e5b7760 (45 bytes)
1590821944.088544 sending message 105 to peer 0x55e66e5b7760 (33 bytes)
1590821944.088548 sending message 105 to peer 0x55e66e5b7760 (85 bytes)
1590821944.088553 sending message 105 to peer 0x55e66e5b7760 (23 bytes)
1590821944.088557 sending message 105 to peer 0x55e66e5b7760 (31 bytes)
1590821944.088561 sending message 105 to peer 0x55e66e5b7760 (15 bytes)
1590821944.088565 sending message 105 to peer 0x55e66e5b7760 (27 bytes)
1590821944.088569 sending message 105 to peer 0x55e66e5b7760 (17 bytes)
1590821944.088572 sending message 105 to peer 0x55e66e5b7760 (21 bytes)
1590821944.088576 sending message 105 to peer 0x55e66e5b7760 (11 bytes)
1590821944.088580 sending message 105 to peer 0x55e66e5b7760 (20 bytes)
1590821944.088584 sending message 105 to peer 0x55e66e5b7760 (17 bytes)
1590821944.088588 sending message 105 to peer 0x55e66e5b7760 (16 bytes)
1590821944.088592 sending message 106 to peer 0x55e66e5b7760 (0 bytes)
1590821944.088597 sending message 200 to peer 0x55e66e5b7760 (4 bytes)
1590821944.088600 client loop enter
1590821944.113575 peer 0x55e66e5b7760 message 207
1590821944.113584 sending message 208 to peer 0x55e66e5b7760 (0 bytes)
1590822015.041432 peer 0x55e66e5b7760 message 203
1590822015.041459 sending message 205 to peer 0x55e66e5b7760 (0 bytes)
1590822015.041966 peer 0x55e66e5b7760 message 204
1590822015.041989 client loop exit
