1590821503.971365 client started (10370): version 2.6, socket /tmp/tmux-1000/default, protocol 8
1590821503.971401 on Linux 5.3.0-53-generic #47~18.04.1-Ubuntu SMP Thu May 7 13:10:50 UTC 2020; libevent 2.1.8-stable (poll)
1590821503.971429 socket is /tmp/tmux-1000/default
1590821503.971445 trying connect
1590821503.971534 add peer 0x55d7f12a0640: 6 ((nil))
1590821503.971634 sending message 100 to peer 0x55d7f12a0640 (4 bytes)
1590821503.971656 sending message 101 to peer 0x55d7f12a0640 (16 bytes)
1590821503.971665 sending message 102 to peer 0x55d7f12a0640 (11 bytes)
1590821503.971673 sending message 108 to peer 0x55d7f12a0640 (27 bytes)
1590821503.971685 sending message 104 to peer 0x55d7f12a0640 (0 bytes)
1590821503.971697 sending message 107 to peer 0x55d7f12a0640 (4 bytes)
1590821503.971704 sending message 105 to peer 0x55d7f12a0640 (22 bytes)
1590821503.971710 sending message 105 to peer 0x55d7f12a0640 (20 bytes)
1590821503.971716 sending message 105 to peer 0x55d7f12a0640 (54 bytes)
1590821503.971722 sending message 105 to peer 0x55d7f12a0640 (23 bytes)
1590821503.971733 sending message 105 to peer 0x55d7f12a0640 (11 bytes)
1590821503.971739 sending message 105 to peer 0x55d7f12a0640 (18 bytes)
1590821503.971745 sending message 105 to peer 0x55d7f12a0640 (24 bytes)
1590821503.971751 sending message 105 to peer 0x55d7f12a0640 (33 bytes)
1590821503.971757 sending message 105 to peer 0x55d7f12a0640 (44 bytes)
1590821503.971763 sending message 105 to peer 0x55d7f12a0640 (32 bytes)
1590821503.971769 sending message 105 to peer 0x55d7f12a0640 (86 bytes)
1590821503.971776 sending message 105 to peer 0x55d7f12a0640 (29 bytes)
1590821503.971782 sending message 105 to peer 0x55d7f12a0640 (27 bytes)
1590821503.971788 sending message 105 to peer 0x55d7f12a0640 (17 bytes)
1590821503.971794 sending message 105 to peer 0x55d7f12a0640 (26 bytes)
1590821503.971800 sending message 105 to peer 0x55d7f12a0640 (39 bytes)
1590821503.971806 sending message 105 to peer 0x55d7f12a0640 (52 bytes)
1590821503.971812 sending message 105 to peer 0x55d7f12a0640 (19 bytes)
1590821503.971818 sending message 105 to peer 0x55d7f12a0640 (28 bytes)
1590821503.971824 sending message 105 to peer 0x55d7f12a0640 (14 bytes)
1590821503.971833 sending message 105 to peer 0x55d7f12a0640 (18 bytes)
1590821503.971839 sending message 105 to peer 0x55d7f12a0640 (17 bytes)
1590821503.971845 sending message 105 to peer 0x55d7f12a0640 (21 bytes)
1590821503.971851 sending message 105 to peer 0x55d7f12a0640 (23 bytes)
1590821503.971857 sending message 105 to peer 0x55d7f12a0640 (30 bytes)
1590821503.971863 sending message 105 to peer 0x55d7f12a0640 (27 bytes)
1590821503.971869 sending message 105 to peer 0x55d7f12a0640 (24 bytes)
1590821503.971875 sending message 105 to peer 0x55d7f12a0640 (20 bytes)
1590821503.971881 sending message 105 to peer 0x55d7f12a0640 (23 bytes)
1590821503.971887 sending message 105 to peer 0x55d7f12a0640 (21 bytes)
1590821503.971892 sending message 105 to peer 0x55d7f12a0640 (25 bytes)
1590821503.971898 sending message 105 to peer 0x55d7f12a0640 (20 bytes)
1590821503.971904 sending message 105 to peer 0x55d7f12a0640 (11 bytes)
1590821503.971911 sending message 105 to peer 0x55d7f12a0640 (1516 bytes)
1590821503.971930 sending message 105 to peer 0x55d7f12a0640 (13 bytes)
1590821503.971937 sending message 105 to peer 0x55d7f12a0640 (319 bytes)
1590821503.971944 sending message 105 to peer 0x55d7f12a0640 (31 bytes)
1590821503.971950 sending message 105 to peer 0x55d7f12a0640 (18 bytes)
1590821503.971956 sending message 105 to peer 0x55d7f12a0640 (19 bytes)
1590821503.971962 sending message 105 to peer 0x55d7f12a0640 (18 bytes)
1590821503.971969 sending message 105 to peer 0x55d7f12a0640 (82 bytes)
1590821503.971975 sending message 105 to peer 0x55d7f12a0640 (20 bytes)
1590821503.971981 sending message 105 to peer 0x55d7f12a0640 (8 bytes)
1590821503.971987 sending message 105 to peer 0x55d7f12a0640 (19 bytes)
1590821503.971993 sending message 105 to peer 0x55d7f12a0640 (41 bytes)
1590821503.971999 sending message 105 to peer 0x55d7f12a0640 (21 bytes)
1590821503.972015 sending message 105 to peer 0x55d7f12a0640 (21 bytes)
1590821503.972022 sending message 105 to peer 0x55d7f12a0640 (33 bytes)
1590821503.972028 sending message 105 to peer 0x55d7f12a0640 (35 bytes)
1590821503.972034 sending message 105 to peer 0x55d7f12a0640 (13 bytes)
1590821503.972040 sending message 105 to peer 0x55d7f12a0640 (15 bytes)
1590821503.972046 sending message 105 to peer 0x55d7f12a0640 (8 bytes)
1590821503.972053 sending message 105 to peer 0x55d7f12a0640 (12 bytes)
1590821503.972059 sending message 105 to peer 0x55d7f12a0640 (17 bytes)
1590821503.972065 sending message 105 to peer 0x55d7f12a0640 (13 bytes)
1590821503.972071 sending message 105 to peer 0x55d7f12a0640 (41 bytes)
1590821503.972077 sending message 105 to peer 0x55d7f12a0640 (45 bytes)
1590821503.972084 sending message 105 to peer 0x55d7f12a0640 (33 bytes)
1590821503.972090 sending message 105 to peer 0x55d7f12a0640 (85 bytes)
1590821503.972096 sending message 105 to peer 0x55d7f12a0640 (23 bytes)
1590821503.972103 sending message 105 to peer 0x55d7f12a0640 (31 bytes)
1590821503.972109 sending message 105 to peer 0x55d7f12a0640 (15 bytes)
1590821503.972115 sending message 105 to peer 0x55d7f12a0640 (27 bytes)
1590821503.972121 sending message 105 to peer 0x55d7f12a0640 (17 bytes)
1590821503.972128 sending message 105 to peer 0x55d7f12a0640 (21 bytes)
1590821503.972134 sending message 105 to peer 0x55d7f12a0640 (11 bytes)
1590821503.972141 sending message 105 to peer 0x55d7f12a0640 (20 bytes)
1590821503.972147 sending message 105 to peer 0x55d7f12a0640 (17 bytes)
1590821503.972153 sending message 105 to peer 0x55d7f12a0640 (16 bytes)
1590821503.972160 sending message 106 to peer 0x55d7f12a0640 (0 bytes)
1590821503.972166 sending message 200 to peer 0x55d7f12a0640 (4 bytes)
1590821503.972173 client loop enter
1590821503.972664 peer 0x55d7f12a0640 message 211
1590821503.972686 peer 0x55d7f12a0640 message 203
1590821503.972694 client loop exit
